<?xml version="1.0" encoding="UTF-8"?>
<!-- Generated by org.testng.reporters.JUnitReportReporter -->
<testsuite hostname="Manav" failures="0" tests="1" name="test.TestNGTest" time="0.008" errors="0" timestamp="2023-02-06T20:18:35 IST" skipped="0">
  <testcase classname="test.TestNGTest" name="test" time="0.008"/>
  <system-out/>
</testsuite> <!-- test.TestNGTest -->
