<?xml version="1.0" encoding="UTF-8"?>
<!-- Generated by org.testng.reporters.JUnitReportReporter -->
<testsuite hostname="Manav" failures="0" tests="2" name="test.TestScenarios" time="0.017" errors="0" timestamp="2023-02-08T21:46:46 IST" skipped="0">
  <testcase classname="test.TestScenarios" name="validateWicketKeepers" time="0.004"/>
  <system-out/>
  <testcase classname="test.TestScenarios" name="validateForeignPlayers" time="0.013"/>
  <system-out/>
</testsuite> <!-- test.TestScenarios -->
