<?xml version="1.0" encoding="UTF-8"?>
<!-- Generated by org.testng.reporters.JUnitReportReporter -->
<testsuite hostname="Manav" failures="0" tests="1" name="TestNGTests" time="0.018" errors="0" timestamp="2023-02-06T20:12:08 IST" skipped="0">
  <testcase classname="TestNGTests" name="test" time="0.018"/>
  <system-out/>
</testsuite> <!-- TestNGTests -->
